<?xml version="1.0" encoding="UTF-8"?>
<!-- Generated by org.testng.reporters.JUnitReportReporter -->
<testsuite hostname="DESKTOP-M0ILBFL" name="Table" tests="1" failures="0" timestamp="26 Apr 2020 09:46:38 GMT" time="8.539" errors="0">
  <testcase name="init" time="8.539" classname="Table"/>
</testsuite> <!-- Table -->
